07-11-2023 13:29 [INFO] [MyPet] Error-Reporter ENABLED
07-11-2023 13:29 [INFO] [MyPet] Error-Reporter ENABLED
07-11-2023 13:29 [INFO] [MyPet] Enabling MyPet v3.12
07-11-2023 13:29 [INFO] [MyPet] No Update available.
07-11-2023 13:29 [INFO] [MyPet] Compat mode for v1_20_R1 loaded.
07-11-2023 13:29 [INFO] [MyPet] Exp calculation mode: MyPet
07-11-2023 13:29 [INFO] [MyPet] Current Exp-Cache is invalid, it will be recalculated.
07-11-2023 13:29 [INFO] [MyPet] Loading WorldGroups...
07-11-2023 13:29 [INFO] [MyPet]    added CriaLand to 'default' group.
07-11-2023 13:29 [INFO] [MyPet]    added CriaLand_nether to 'default' group.
07-11-2023 13:29 [INFO] [MyPet]    added CriaLand_the_end to 'default' group.
07-11-2023 13:29 [INFO] [MyPet] Default skilltree files created.
07-11-2023 13:29 [INFO] [MyPet] Connect to SQLite database...
07-11-2023 13:29 [INFO] [MyPet] SQLite connection successful.
07-11-2023 13:29 [INFO] [MyPet] Version 3.12-SNAPSHOT-b1741 ENABLED
07-11-2023 13:35 [INFO] [MyPet] Disabling MyPet v3.12
07-11-2023 13:48 [INFO] [MyPet] Error-Reporter ENABLED
07-11-2023 13:48 [INFO] [MyPet] Enabling MyPet v3.12
07-11-2023 13:48 [INFO] [MyPet] No Update available.
07-11-2023 13:48 [INFO] [MyPet] Compat mode for v1_20_R1 loaded.
07-11-2023 13:48 [INFO] [MyPet] Exp calculation mode: MyPet
07-11-2023 13:48 [INFO] [MyPet] Loading WorldGroups...
07-11-2023 13:48 [INFO] [MyPet]    added 'CriaLand' to 'default'
07-11-2023 13:48 [INFO] [MyPet]    added 'CriaLand_nether' to 'default'
07-11-2023 13:48 [INFO] [MyPet]    added 'CriaLand_the_end' to 'default'
07-11-2023 13:48 [INFO] [MyPet] Connect to SQLite database...
07-11-2023 13:48 [INFO] [MyPet] SQLite connection successful.
07-11-2023 13:48 [INFO] [MyPet] Version 3.12-SNAPSHOT-b1741 ENABLED
07-11-2023 13:52 [INFO] [MyPet] Disabling MyPet v3.12
07-11-2023 13:52 [INFO] [MyPet] Error-Reporter ENABLED
07-11-2023 13:52 [INFO] [MyPet] Enabling MyPet v3.12
07-11-2023 13:52 [INFO] [MyPet] No Update available.
07-11-2023 13:52 [INFO] [MyPet] Compat mode for v1_20_R1 loaded.
07-11-2023 13:52 [INFO] [MyPet] Exp calculation mode: MyPet
07-11-2023 13:52 [INFO] [MyPet] Loading WorldGroups...
07-11-2023 13:52 [INFO] [MyPet]    added 'CriaLand' to 'default'
07-11-2023 13:52 [INFO] [MyPet]    added 'CriaLand_nether' to 'default'
07-11-2023 13:52 [INFO] [MyPet]    added 'CriaLand_the_end' to 'default'
07-11-2023 13:52 [INFO] [MyPet] Connect to SQLite database...
07-11-2023 13:52 [INFO] [MyPet] SQLite connection successful.
07-11-2023 13:52 [INFO] [MyPet] Version 3.12-SNAPSHOT-b1741 ENABLED
07-11-2023 13:58 [INFO] [MyPet] Disabling MyPet v3.12
07-11-2023 14:00 [INFO] [MyPet] Error-Reporter ENABLED
07-11-2023 14:00 [INFO] [MyPet] Enabling MyPet v3.12
07-11-2023 14:00 [INFO] [MyPet] No Update available.
07-11-2023 14:00 [INFO] [MyPet] Compat mode for v1_20_R1 loaded.
07-11-2023 14:00 [INFO] [MyPet] Exp calculation mode: MyPet
07-11-2023 14:00 [INFO] [MyPet] Loading WorldGroups...
07-11-2023 14:00 [INFO] [MyPet]    added 'CriaLand' to 'default'
07-11-2023 14:00 [INFO] [MyPet]    added 'CriaLand_nether' to 'default'
07-11-2023 14:00 [INFO] [MyPet]    added 'CriaLand_the_end' to 'default'
07-11-2023 14:00 [INFO] [MyPet] Connect to SQLite database...
07-11-2023 14:00 [INFO] [MyPet] SQLite connection successful.
07-11-2023 14:00 [INFO] [MyPet] Version 3.12-SNAPSHOT-b1741 ENABLED
07-11-2023 14:01 [INFO] [MyPet] Disabling MyPet v3.12
07-11-2023 14:06 [INFO] [MyPet] Error-Reporter ENABLED
07-11-2023 14:06 [INFO] [MyPet] Enabling MyPet v3.12
07-11-2023 14:06 [INFO] [MyPet] No Update available.
07-11-2023 14:06 [INFO] [MyPet] Compat mode for v1_20_R1 loaded.
07-11-2023 14:06 [INFO] [MyPet] Exp calculation mode: MyPet
07-11-2023 14:06 [INFO] [MyPet] Loading WorldGroups...
07-11-2023 14:06 [INFO] [MyPet]    added 'CriaLand' to 'default'
07-11-2023 14:06 [INFO] [MyPet]    added 'CriaLand_nether' to 'default'
07-11-2023 14:06 [INFO] [MyPet]    added 'CriaLand_the_end' to 'default'
07-11-2023 14:06 [INFO] [MyPet] Connect to SQLite database...
07-11-2023 14:06 [INFO] [MyPet] SQLite connection successful.
07-11-2023 14:06 [INFO] [MyPet] ProtocolLib (5.0.0) hook activated.
07-11-2023 14:06 [INFO] [MyPet] Version 3.12-SNAPSHOT-b1741 ENABLED
07-11-2023 14:09 [INFO] [MyPet] Disabling MyPet v3.12
07-11-2023 14:11 [INFO] [MyPet] Error-Reporter ENABLED
07-11-2023 14:12 [INFO] [MyPet] Enabling MyPet v3.12
07-11-2023 14:12 [INFO] [MyPet] No Update available.
07-11-2023 14:12 [INFO] [MyPet] Compat mode for v1_20_R1 loaded.
07-11-2023 14:12 [INFO] [MyPet] Exp calculation mode: MyPet
07-11-2023 14:12 [INFO] [MyPet] Loading WorldGroups...
07-11-2023 14:12 [INFO] [MyPet]    added 'CriaLand' to 'default'
07-11-2023 14:12 [INFO] [MyPet]    added 'CriaLand_nether' to 'default'
07-11-2023 14:12 [INFO] [MyPet]    added 'CriaLand_the_end' to 'default'
07-11-2023 14:12 [INFO] [MyPet] Connect to SQLite database...
07-11-2023 14:12 [INFO] [MyPet] SQLite connection successful.
07-11-2023 14:12 [WARNING] [MyPet] Loaded class {0} from {1} which is not a depend or softdepend of this plugin.
07-11-2023 14:12 [INFO] [MyPet] Lands (6.32.6) hook activated.
07-11-2023 14:12 [INFO] [MyPet] ProtocolLib (5.0.0) hook activated.
07-11-2023 14:12 [INFO] [MyPet] Version 3.12-SNAPSHOT-b1741 ENABLED
07-11-2023 14:12 [INFO] [MyPet] Disabling MyPet v3.12
07-11-2023 14:12 [INFO] [MyPet] Error-Reporter ENABLED
07-11-2023 14:13 [INFO] [MyPet] Enabling MyPet v3.12
07-11-2023 14:13 [INFO] [MyPet] No Update available.
07-11-2023 14:13 [INFO] [MyPet] Compat mode for v1_20_R1 loaded.
07-11-2023 14:13 [INFO] [MyPet] Exp calculation mode: MyPet
07-11-2023 14:13 [INFO] [MyPet] Loading WorldGroups...
07-11-2023 14:13 [INFO] [MyPet]    added 'CriaLand' to 'default'
07-11-2023 14:13 [INFO] [MyPet]    added 'CriaLand_nether' to 'default'
07-11-2023 14:13 [INFO] [MyPet]    added 'CriaLand_the_end' to 'default'
07-11-2023 14:13 [INFO] [MyPet] Connect to SQLite database...
07-11-2023 14:13 [INFO] [MyPet] SQLite connection successful.
07-11-2023 14:13 [INFO] [MyPet] ProtocolLib (5.0.0) hook activated.
07-11-2023 14:13 [INFO] [MyPet] Version 3.12-SNAPSHOT-b1741 ENABLED
07-11-2023 14:32 [INFO] [MyPet] Disabling MyPet v3.12
07-11-2023 14:33 [INFO] [MyPet] Error-Reporter ENABLED
07-11-2023 14:34 [INFO] [MyPet] Enabling MyPet v3.12
07-11-2023 14:34 [INFO] [MyPet] No Update available.
07-11-2023 14:34 [INFO] [MyPet] Compat mode for v1_20_R1 loaded.
07-11-2023 14:34 [INFO] [MyPet] Exp calculation mode: MyPet
07-11-2023 14:34 [INFO] [MyPet] Loading WorldGroups...
07-11-2023 14:34 [INFO] [MyPet]    added 'CriaLand' to 'default'
07-11-2023 14:34 [INFO] [MyPet]    added 'CriaLand_nether' to 'default'
07-11-2023 14:34 [INFO] [MyPet]    added 'CriaLand_the_end' to 'default'
07-11-2023 14:34 [INFO] [MyPet] Connect to SQLite database...
07-11-2023 14:34 [INFO] [MyPet] SQLite connection successful.
07-11-2023 14:34 [INFO] [MyPet] ProtocolLib (5.0.0) hook activated.
07-11-2023 14:34 [INFO] [MyPet] Version 3.12-SNAPSHOT-b1741 ENABLED
07-11-2023 14:36 [INFO] [MyPet] Disabling MyPet v3.12
07-11-2023 14:37 [INFO] [MyPet] Error-Reporter ENABLED
07-11-2023 14:37 [INFO] [MyPet] Enabling MyPet v3.12
07-11-2023 14:37 [INFO] [MyPet] No Update available.
07-11-2023 14:37 [INFO] [MyPet] Compat mode for v1_20_R1 loaded.
07-11-2023 14:37 [INFO] [MyPet] Exp calculation mode: MyPet
07-11-2023 14:37 [INFO] [MyPet] Loading WorldGroups...
07-11-2023 14:37 [INFO] [MyPet]    added 'CriaLand' to 'default'
07-11-2023 14:37 [INFO] [MyPet]    added 'CriaLand_nether' to 'default'
07-11-2023 14:37 [INFO] [MyPet]    added 'CriaLand_the_end' to 'default'
07-11-2023 14:37 [INFO] [MyPet] Connect to SQLite database...
07-11-2023 14:37 [INFO] [MyPet] SQLite connection successful.
07-11-2023 14:37 [INFO] [MyPet] ProtocolLib (5.0.0) hook activated.
07-11-2023 14:37 [INFO] [MyPet] Version 3.12-SNAPSHOT-b1741 ENABLED
07-11-2023 14:42 [INFO] [MyPet] Disabling MyPet v3.12
07-11-2023 14:43 [INFO] [MyPet] Error-Reporter ENABLED
07-11-2023 14:43 [INFO] [MyPet] Enabling MyPet v3.12
07-11-2023 14:43 [INFO] [MyPet] No Update available.
07-11-2023 14:43 [INFO] [MyPet] Compat mode for v1_20_R1 loaded.
07-11-2023 14:43 [INFO] [MyPet] Exp calculation mode: MyPet
07-11-2023 14:43 [INFO] [MyPet] Loading WorldGroups...
07-11-2023 14:43 [INFO] [MyPet]    added 'CriaLand' to 'default'
07-11-2023 14:43 [INFO] [MyPet]    added 'CriaLand_nether' to 'default'
07-11-2023 14:43 [INFO] [MyPet]    added 'CriaLand_the_end' to 'default'
07-11-2023 14:43 [INFO] [MyPet] Connect to SQLite database...
07-11-2023 14:43 [INFO] [MyPet] SQLite connection successful.
07-11-2023 14:43 [INFO] [MyPet] ProtocolLib (5.0.0) hook activated.
07-11-2023 14:43 [INFO] [MyPet] Version 3.12-SNAPSHOT-b1741 ENABLED
07-11-2023 14:43 [INFO] [MyPet] Disabling MyPet v3.12
07-11-2023 14:44 [INFO] [MyPet] Error-Reporter ENABLED
07-11-2023 14:44 [INFO] [MyPet] Enabling MyPet v3.12
07-11-2023 14:44 [INFO] [MyPet] No Update available.
07-11-2023 14:44 [INFO] [MyPet] Compat mode for v1_20_R1 loaded.
07-11-2023 14:44 [INFO] [MyPet] Exp calculation mode: MyPet
07-11-2023 14:44 [INFO] [MyPet] Loading WorldGroups...
07-11-2023 14:44 [INFO] [MyPet]    added 'CriaLand' to 'default'
07-11-2023 14:44 [INFO] [MyPet]    added 'CriaLand_nether' to 'default'
07-11-2023 14:44 [INFO] [MyPet]    added 'CriaLand_the_end' to 'default'
07-11-2023 14:44 [INFO] [MyPet] Connect to SQLite database...
07-11-2023 14:44 [INFO] [MyPet] SQLite connection successful.
07-11-2023 14:44 [INFO] [MyPet] ProtocolLib (5.0.0) hook activated.
07-11-2023 14:44 [INFO] [MyPet] Version 3.12-SNAPSHOT-b1741 ENABLED
07-11-2023 14:46 [INFO] [MyPet] Disabling MyPet v3.12
07-11-2023 14:48 [INFO] [MyPet] Error-Reporter ENABLED
07-11-2023 14:48 [INFO] [MyPet] Enabling MyPet v3.12
07-11-2023 14:48 [INFO] [MyPet] No Update available.
07-11-2023 14:48 [INFO] [MyPet] Compat mode for v1_20_R1 loaded.
07-11-2023 14:48 [INFO] [MyPet] Exp calculation mode: MyPet
07-11-2023 14:48 [INFO] [MyPet] Loading WorldGroups...
07-11-2023 14:48 [INFO] [MyPet]    added 'CriaLand' to 'default'
07-11-2023 14:48 [INFO] [MyPet]    added 'CriaLand_nether' to 'default'
07-11-2023 14:48 [INFO] [MyPet]    added 'CriaLand_the_end' to 'default'
07-11-2023 14:48 [INFO] [MyPet] Connect to SQLite database...
07-11-2023 14:48 [INFO] [MyPet] SQLite connection successful.
07-11-2023 14:48 [INFO] [MyPet] ProtocolLib (5.0.0) hook activated.
07-11-2023 14:48 [INFO] [MyPet] Version 3.12-SNAPSHOT-b1741 ENABLED
07-11-2023 14:48 [INFO] [MyPet] Disabling MyPet v3.12
07-11-2023 14:49 [INFO] [MyPet] Error-Reporter ENABLED
07-11-2023 14:49 [INFO] [MyPet] Enabling MyPet v3.12
07-11-2023 14:49 [INFO] [MyPet] No Update available.
07-11-2023 14:49 [INFO] [MyPet] Compat mode for v1_20_R1 loaded.
07-11-2023 14:49 [INFO] [MyPet] Exp calculation mode: MyPet
07-11-2023 14:49 [INFO] [MyPet] Loading WorldGroups...
07-11-2023 14:49 [INFO] [MyPet]    added 'CriaLand' to 'default'
07-11-2023 14:49 [INFO] [MyPet]    added 'CriaLand_nether' to 'default'
07-11-2023 14:49 [INFO] [MyPet]    added 'CriaLand_the_end' to 'default'
07-11-2023 14:49 [INFO] [MyPet] Connect to SQLite database...
07-11-2023 14:49 [INFO] [MyPet] SQLite connection successful.
07-11-2023 14:49 [INFO] [MyPet] ProtocolLib (5.0.0) hook activated.
07-11-2023 14:49 [INFO] [MyPet] Version 3.12-SNAPSHOT-b1741 ENABLED
07-11-2023 14:57 [INFO] [MyPet] Disabling MyPet v3.12
07-11-2023 14:57 [INFO] [MyPet] Error-Reporter ENABLED
07-11-2023 14:58 [INFO] [MyPet] Enabling MyPet v3.12
07-11-2023 14:58 [INFO] [MyPet] No Update available.
07-11-2023 14:58 [INFO] [MyPet] Compat mode for v1_20_R1 loaded.
07-11-2023 14:58 [INFO] [MyPet] Exp calculation mode: MyPet
07-11-2023 14:58 [INFO] [MyPet] Loading WorldGroups...
07-11-2023 14:58 [INFO] [MyPet]    added 'CriaLand' to 'default'
07-11-2023 14:58 [INFO] [MyPet]    added 'CriaLand_nether' to 'default'
07-11-2023 14:58 [INFO] [MyPet]    added 'CriaLand_the_end' to 'default'
07-11-2023 14:58 [INFO] [MyPet] Connect to SQLite database...
07-11-2023 14:58 [INFO] [MyPet] SQLite connection successful.
07-11-2023 14:58 [INFO] [MyPet] ProtocolLib (5.0.0) hook activated.
07-11-2023 14:58 [INFO] [MyPet] Version 3.12-SNAPSHOT-b1741 ENABLED
07-11-2023 15:01 [INFO] [MyPet] Disabling MyPet v3.12
07-11-2023 15:02 [INFO] [MyPet] Error-Reporter ENABLED
07-11-2023 15:02 [INFO] [MyPet] Enabling MyPet v3.12
07-11-2023 15:02 [INFO] [MyPet] No Update available.
07-11-2023 15:02 [INFO] [MyPet] Compat mode for v1_20_R1 loaded.
07-11-2023 15:02 [INFO] [MyPet] Exp calculation mode: MyPet
07-11-2023 15:02 [INFO] [MyPet] Loading WorldGroups...
07-11-2023 15:02 [INFO] [MyPet]    added 'CriaLand' to 'default'
07-11-2023 15:02 [INFO] [MyPet]    added 'CriaLand_nether' to 'default'
07-11-2023 15:02 [INFO] [MyPet]    added 'CriaLand_the_end' to 'default'
07-11-2023 15:02 [INFO] [MyPet] Connect to SQLite database...
07-11-2023 15:02 [INFO] [MyPet] SQLite connection successful.
07-11-2023 15:02 [INFO] [MyPet] ProtocolLib (5.0.0) hook activated.
07-11-2023 15:02 [INFO] [MyPet] Version 3.12-SNAPSHOT-b1741 ENABLED
07-11-2023 15:05 [INFO] [MyPet] Disabling MyPet v3.12
07-11-2023 15:06 [INFO] [MyPet] Error-Reporter ENABLED
07-11-2023 15:06 [INFO] [MyPet] Enabling MyPet v3.12
07-11-2023 15:06 [INFO] [MyPet] No Update available.
07-11-2023 15:06 [INFO] [MyPet] Compat mode for v1_20_R1 loaded.
07-11-2023 15:06 [INFO] [MyPet] Exp calculation mode: MyPet
07-11-2023 15:06 [INFO] [MyPet] Loading WorldGroups...
07-11-2023 15:06 [INFO] [MyPet]    added 'CriaLand' to 'default'
07-11-2023 15:06 [INFO] [MyPet]    added 'CriaLand_nether' to 'default'
07-11-2023 15:06 [INFO] [MyPet]    added 'CriaLand_the_end' to 'default'
07-11-2023 15:06 [INFO] [MyPet] Connect to SQLite database...
07-11-2023 15:06 [INFO] [MyPet] SQLite connection successful.
07-11-2023 15:06 [INFO] [MyPet] ProtocolLib (5.0.0) hook activated.
07-11-2023 15:06 [INFO] [MyPet] Version 3.12-SNAPSHOT-b1741 ENABLED
07-11-2023 15:17 [INFO] [MyPet] Disabling MyPet v3.12
07-11-2023 15:19 [INFO] [MyPet] Error-Reporter ENABLED
07-11-2023 15:19 [INFO] [MyPet] Enabling MyPet v3.12
07-11-2023 15:19 [INFO] [MyPet] No Update available.
07-11-2023 15:19 [INFO] [MyPet] Compat mode for v1_20_R1 loaded.
07-11-2023 15:19 [INFO] [MyPet] Exp calculation mode: MyPet
07-11-2023 15:19 [INFO] [MyPet] Loading WorldGroups...
07-11-2023 15:19 [INFO] [MyPet]    added 'CriaLand' to 'default'
07-11-2023 15:19 [INFO] [MyPet]    added 'CriaLand_nether' to 'default'
07-11-2023 15:19 [INFO] [MyPet]    added 'CriaLand_the_end' to 'default'
07-11-2023 15:19 [INFO] [MyPet] Connect to SQLite database...
07-11-2023 15:19 [INFO] [MyPet] SQLite connection successful.
07-11-2023 15:19 [INFO] [MyPet] ProtocolLib (5.0.0) hook activated.
07-11-2023 15:19 [INFO] [MyPet] Vault (1.7.3-b131) (Economy: CoinsEngine) (Permissions: SuperPerms) hook activated.
07-11-2023 15:19 [INFO] [MyPet] Version 3.12-SNAPSHOT-b1741 ENABLED
07-11-2023 15:31 [INFO] [MyPet] Disabling MyPet v3.12
07-11-2023 15:33 [INFO] [MyPet] Error-Reporter ENABLED
07-11-2023 15:34 [INFO] [MyPet] Error-Reporter ENABLED
07-11-2023 15:35 [INFO] [MyPet] Error-Reporter ENABLED
07-11-2023 15:37 [INFO] [MyPet] Error-Reporter ENABLED
07-11-2023 15:37 [INFO] [MyPet] Enabling MyPet v3.12
07-11-2023 15:37 [INFO] [MyPet] No Update available.
07-11-2023 15:37 [INFO] [MyPet] Compat mode for v1_20_R1 loaded.
07-11-2023 15:37 [INFO] [MyPet] Exp calculation mode: MyPet
07-11-2023 15:37 [INFO] [MyPet] Loading WorldGroups...
07-11-2023 15:37 [INFO] [MyPet]    added world to 'default' group.
07-11-2023 15:37 [INFO] [MyPet]    added world_nether to 'default' group.
07-11-2023 15:37 [INFO] [MyPet]    added world_the_end to 'default' group.
07-11-2023 15:37 [INFO] [MyPet] Connect to SQLite database...
07-11-2023 15:37 [INFO] [MyPet] SQLite connection successful.
07-11-2023 15:37 [INFO] [MyPet] ProtocolLib (5.0.0) hook activated.
07-11-2023 15:37 [INFO] [MyPet] Vault (1.7.3-b131) (Economy: CoinsEngine) (Permissions: SuperPerms) hook activated.
07-11-2023 15:37 [INFO] [MyPet] Version 3.12-SNAPSHOT-b1741 ENABLED
07-11-2023 15:43 [INFO] [MyPet] Disabling MyPet v3.12
07-11-2023 15:43 [INFO] [MyPet] Error-Reporter ENABLED
07-11-2023 15:43 [INFO] [MyPet] Enabling MyPet v3.12
07-11-2023 15:43 [INFO] [MyPet] No Update available.
07-11-2023 15:43 [INFO] [MyPet] Compat mode for v1_20_R1 loaded.
07-11-2023 15:43 [INFO] [MyPet] Exp calculation mode: MyPet
07-11-2023 15:43 [INFO] [MyPet] Loading WorldGroups...
07-11-2023 15:43 [INFO] [MyPet]    added 'world' to 'default'
07-11-2023 15:43 [INFO] [MyPet]    added 'world_nether' to 'default'
07-11-2023 15:43 [INFO] [MyPet]    added 'world_the_end' to 'default'
07-11-2023 15:43 [INFO] [MyPet] Connect to SQLite database...
07-11-2023 15:43 [INFO] [MyPet] SQLite connection successful.
07-11-2023 15:43 [INFO] [MyPet] ProtocolLib (5.0.0) hook activated.
07-11-2023 15:43 [INFO] [MyPet] Vault (1.7.3-b131) (Economy: CoinsEngine) (Permissions: SuperPerms) hook activated.
07-11-2023 15:43 [INFO] [MyPet] Version 3.12-SNAPSHOT-b1741 ENABLED
07-11-2023 15:53 [INFO] [MyPet] Disabling MyPet v3.12
07-11-2023 15:54 [INFO] [MyPet] Error-Reporter ENABLED
07-11-2023 15:54 [INFO] [MyPet] Enabling MyPet v3.12
07-11-2023 15:54 [INFO] [MyPet] No Update available.
07-11-2023 15:54 [INFO] [MyPet] Compat mode for v1_20_R1 loaded.
07-11-2023 15:54 [INFO] [MyPet] Exp calculation mode: MyPet
07-11-2023 15:54 [INFO] [MyPet] Loading WorldGroups...
07-11-2023 15:54 [INFO] [MyPet]    added 'world' to 'default'
07-11-2023 15:54 [INFO] [MyPet]    added 'world_nether' to 'default'
07-11-2023 15:54 [INFO] [MyPet]    added 'world_the_end' to 'default'
07-11-2023 15:54 [INFO] [MyPet] Connect to SQLite database...
07-11-2023 15:54 [INFO] [MyPet] SQLite connection successful.
07-11-2023 15:54 [INFO] [MyPet] ProtocolLib (5.0.0) hook activated.
07-11-2023 15:54 [INFO] [MyPet] Vault (1.7.3-b131) (Economy: CoinsEngine) (Permissions: SuperPerms) hook activated.
07-11-2023 15:54 [INFO] [MyPet] Version 3.12-SNAPSHOT-b1741 ENABLED
07-11-2023 16:20 [INFO] [MyPet] Disabling MyPet v3.12
07-11-2023 16:21 [INFO] [MyPet] Error-Reporter ENABLED
07-11-2023 16:21 [INFO] [MyPet] Enabling MyPet v3.12
07-11-2023 16:21 [INFO] [MyPet] No Update available.
07-11-2023 16:21 [INFO] [MyPet] Compat mode for v1_20_R1 loaded.
07-11-2023 16:21 [INFO] [MyPet] Exp calculation mode: MyPet
07-11-2023 16:21 [INFO] [MyPet] Loading WorldGroups...
07-11-2023 16:21 [INFO] [MyPet]    added 'world' to 'default'
07-11-2023 16:21 [INFO] [MyPet]    added 'world_nether' to 'default'
07-11-2023 16:21 [INFO] [MyPet]    added 'world_the_end' to 'default'
07-11-2023 16:21 [INFO] [MyPet] Connect to SQLite database...
07-11-2023 16:21 [INFO] [MyPet] SQLite connection successful.
07-11-2023 16:21 [INFO] [MyPet] ProtocolLib (5.0.0) hook activated.
07-11-2023 16:21 [INFO] [MyPet] Vault (1.7.3-b131) (Economy: CoinsEngine) (Permissions: SuperPerms) hook activated.
07-11-2023 16:21 [INFO] [MyPet] Version 3.12-SNAPSHOT-b1741 ENABLED
07-11-2023 16:29 [INFO] [MyPet] Disabling MyPet v3.12
07-11-2023 16:31 [INFO] [MyPet] Error-Reporter ENABLED
07-11-2023 16:32 [INFO] [MyPet] Enabling MyPet v3.12
07-11-2023 16:32 [INFO] [MyPet] No Update available.
07-11-2023 16:32 [INFO] [MyPet] Compat mode for v1_20_R1 loaded.
07-11-2023 16:32 [INFO] [MyPet] Exp calculation mode: MyPet
07-11-2023 16:32 [INFO] [MyPet] Loading WorldGroups...
07-11-2023 16:32 [INFO] [MyPet]    added 'world' to 'default'
07-11-2023 16:32 [INFO] [MyPet]    added 'world_nether' to 'default'
07-11-2023 16:32 [INFO] [MyPet]    added 'world_the_end' to 'default'
07-11-2023 16:32 [INFO] [MyPet] Connect to SQLite database...
07-11-2023 16:32 [INFO] [MyPet] SQLite connection successful.
07-11-2023 16:32 [INFO] [MyPet] ProtocolLib (5.0.0) hook activated.
07-11-2023 16:32 [INFO] [MyPet] Vault (1.7.3-b131) (Economy: EssentialsX Economy) (Permissions: SuperPerms) hook activated.
07-11-2023 16:32 [INFO] [MyPet] Version 3.12-SNAPSHOT-b1741 ENABLED
07-11-2023 16:36 [INFO] [MyPet] Disabling MyPet v3.12
